[2018-03-20 22:02:55] Текст ошибки: Страница не найдена | Файл: C:\domains\ishop2.loc\public\index.php | Строка: 14
        
===============================================
[2018-03-20 22:02:55] Текст ошибки: Страница не найдена | Файл: C:\domains\ishop2.loc\public\index.php | Строка: 14
        
===============================================
[2018-03-20 22:02:56] Текст ошибки: Страница не найдена | Файл: C:\domains\ishop2.loc\public\index.php | Строка: 14
        
===============================================
[2018-03-20 22:02:57] Текст ошибки: Страница не найдена | Файл: C:\domains\ishop2.loc\public\index.php | Строка: 14
        
===============================================
[2018-03-20 22:02:57] Текст ошибки: Страница не найдена | Файл: C:\domains\ishop2.loc\public\index.php | Строка: 14
        
===============================================
[2018-03-20 22:02:58] Текст ошибки: Страница не найдена | Файл: C:\domains\ishop2.loc\public\index.php | Строка: 14
        
===============================================
[2018-03-20 22:02:58] Текст ошибки: Страница не найдена | Файл: C:\domains\ishop2.loc\public\index.php | Строка: 14
        
===============================================
[2018-03-20 22:02:58] Текст ошибки: Страница не найдена | Файл: C:\domains\ishop2.loc\public\index.php | Строка: 14
        
===============================================
[2018-03-20 22:02:58] Текст ошибки: Страница не найдена | Файл: C:\domains\ishop2.loc\public\index.php | Строка: 14
        
===============================================
[2018-03-20 22:03:00] Текст ошибки: Страница не найдена | Файл: C:\domains\ishop2.loc\public\index.php | Строка: 14
        
===============================================
[2018-03-20 22:04:36] Текст ошибки: Страница не найдена | Файл: C:\domains\ishop2.loc\public\index.php | Строка: 14
        
===============================================
[2018-03-20 22:04:46] Текст ошибки: Страница не найдена | Файл: C:\domains\ishop2.loc\public\index.php | Строка: 14
        
===============================================
[2018-03-20 22:04:47] Текст ошибки: Страница не найдена | Файл: C:\domains\ishop2.loc\public\index.php | Строка: 14
        
===============================================
[2018-03-20 22:05:08] Текст ошибки: Страница не найдена | Файл: C:\domains\ishop2.loc\public\index.php | Строка: 14
        
===============================================
[2018-03-20 22:05:09] Текст ошибки: Страница не найдена | Файл: C:\domains\ishop2.loc\public\index.php | Строка: 14
        
===============================================
[2018-03-20 22:05:09] Текст ошибки: Страница не найдена | Файл: C:\domains\ishop2.loc\public\index.php | Строка: 14
        
===============================================
[2018-03-20 22:05:10] Текст ошибки: Страница не найдена | Файл: C:\domains\ishop2.loc\public\index.php | Строка: 14
        
===============================================
[2018-03-20 22:05:10] Текст ошибки: Страница не найдена | Файл: C:\domains\ishop2.loc\public\index.php | Строка: 14
        
===============================================
[2018-03-20 22:05:10] Текст ошибки: Страница не найдена | Файл: C:\domains\ishop2.loc\public\index.php | Строка: 14
        
===============================================
[2018-03-20 22:05:10] Текст ошибки: Страница не найдена | Файл: C:\domains\ishop2.loc\public\index.php | Строка: 14
        
===============================================
[2018-03-20 22:05:10] Текст ошибки: Страница не найдена | Файл: C:\domains\ishop2.loc\public\index.php | Строка: 14
        
===============================================
[2018-03-20 22:05:11] Текст ошибки: Страница не найдена | Файл: C:\domains\ishop2.loc\public\index.php | Строка: 14
        
===============================================
[2018-03-20 22:05:11] Текст ошибки: Страница не найдена | Файл: C:\domains\ishop2.loc\public\index.php | Строка: 14
        
===============================================
[2018-03-20 22:05:11] Текст ошибки: Страница не найдена | Файл: C:\domains\ishop2.loc\public\index.php | Строка: 14
        
===============================================
[2018-03-20 22:05:11] Текст ошибки: Страница не найдена | Файл: C:\domains\ishop2.loc\public\index.php | Строка: 14
        
===============================================
[2018-03-20 22:05:11] Текст ошибки: Страница не найдена | Файл: C:\domains\ishop2.loc\public\index.php | Строка: 14
        
===============================================
[2018-03-20 22:05:12] Текст ошибки: Страница не найдена | Файл: C:\domains\ishop2.loc\public\index.php | Строка: 14
        
===============================================
[2018-03-20 22:05:12] Текст ошибки: Страница не найдена | Файл: C:\domains\ishop2.loc\public\index.php | Строка: 14
        
===============================================
[2018-03-20 22:05:12] Текст ошибки: Страница не найдена | Файл: C:\domains\ishop2.loc\public\index.php | Строка: 14
        
===============================================
[2018-03-20 22:05:12] Текст ошибки: Страница не найдена | Файл: C:\domains\ishop2.loc\public\index.php | Строка: 14
        
===============================================
[2018-03-20 22:05:12] Текст ошибки: Страница не найдена | Файл: C:\domains\ishop2.loc\public\index.php | Строка: 14
        
===============================================
[2018-03-20 22:05:12] Текст ошибки: Страница не найдена | Файл: C:\domains\ishop2.loc\public\index.php | Строка: 14
        
===============================================
[2018-03-20 22:05:13] Текст ошибки: Страница не найдена | Файл: C:\domains\ishop2.loc\public\index.php | Строка: 14
        
===============================================
[2018-03-20 22:05:13] Текст ошибки: Страница не найдена | Файл: C:\domains\ishop2.loc\public\index.php | Строка: 14
        
===============================================
[2018-03-20 22:05:13] Текст ошибки: Страница не найдена | Файл: C:\domains\ishop2.loc\public\index.php | Строка: 14
        
===============================================
[2018-03-20 22:05:13] Текст ошибки: Страница не найдена | Файл: C:\domains\ishop2.loc\public\index.php | Строка: 14
        
===============================================
[2018-03-20 22:05:13] Текст ошибки: Страница не найдена | Файл: C:\domains\ishop2.loc\public\index.php | Строка: 14
        
===============================================
[2018-03-20 22:11:02] Текст ошибки: Страница не найдена | Файл: C:\domains\ishop2.loc\public\index.php | Строка: 14
        
===============================================
[2018-03-20 22:11:03] Текст ошибки: Страница не найдена | Файл: C:\domains\ishop2.loc\public\index.php | Строка: 14
        
===============================================
[2018-03-20 22:11:32] Текст ошибки: Страница не найдена | Файл: C:\domains\ishop2.loc\public\index.php | Строка: 14
        
===============================================
[2018-03-20 22:11:33] Текст ошибки: Страница не найдена | Файл: C:\domains\ishop2.loc\public\index.php | Строка: 14
        
===============================================
[2018-03-20 22:11:33] Текст ошибки: Страница не найдена | Файл: C:\domains\ishop2.loc\public\index.php | Строка: 14
        
===============================================
[2018-03-20 22:11:34] Текст ошибки: Страница не найдена | Файл: C:\domains\ishop2.loc\public\index.php | Строка: 14
        
===============================================
[2018-03-20 22:11:55] Текст ошибки: Страница не найдена | Файл: C:\domains\ishop2.loc\public\index.php | Строка: 14
        
===============================================
[2018-03-20 22:11:55] Текст ошибки: Страница не найдена | Файл: C:\domains\ishop2.loc\public\index.php | Строка: 14
        
===============================================
[2018-03-20 22:11:55] Текст ошибки: Страница не найдена | Файл: C:\domains\ishop2.loc\public\index.php | Строка: 14
        
===============================================
[2018-03-20 22:11:56] Текст ошибки: Страница не найдена | Файл: C:\domains\ishop2.loc\public\index.php | Строка: 14
        
===============================================
[2018-03-20 22:11:56] Текст ошибки: Страница не найдена | Файл: C:\domains\ishop2.loc\public\index.php | Строка: 14
        
===============================================
[2018-03-20 22:11:56] Текст ошибки: Страница не найдена | Файл: C:\domains\ishop2.loc\public\index.php | Строка: 14
        
===============================================
[2018-03-20 22:11:56] Текст ошибки: Страница не найдена | Файл: C:\domains\ishop2.loc\public\index.php | Строка: 14
        
===============================================
[2018-03-20 22:11:57] Текст ошибки: Страница не найдена | Файл: C:\domains\ishop2.loc\public\index.php | Строка: 14
        
===============================================
[2018-03-20 22:11:57] Текст ошибки: Страница не найдена | Файл: C:\domains\ishop2.loc\public\index.php | Строка: 14
        
===============================================
[2018-03-20 22:11:57] Текст ошибки: Страница не найдена | Файл: C:\domains\ishop2.loc\public\index.php | Строка: 14
        
===============================================
[2018-03-20 22:11:57] Текст ошибки: Страница не найдена | Файл: C:\domains\ishop2.loc\public\index.php | Строка: 14
        
===============================================
[2018-03-20 22:11:57] Текст ошибки: Страница не найдена | Файл: C:\domains\ishop2.loc\public\index.php | Строка: 14
        
===============================================
[2018-03-20 22:11:58] Текст ошибки: Страница не найдена | Файл: C:\domains\ishop2.loc\public\index.php | Строка: 14
        
===============================================
[2018-03-20 22:12:20] Текст ошибки: Страница не найдена | Файл: C:\domains\ishop2.loc\public\index.php | Строка: 14
        
===============================================
[2018-03-20 22:12:54] Текст ошибки: Страница не найдена | Файл: C:\domains\ishop2.loc\public\index.php | Строка: 14
        
===============================================
[2018-03-20 22:12:58] Текст ошибки: Страница не найдена | Файл: C:\domains\ishop2.loc\public\index.php | Строка: 14
        
===============================================
[2018-03-20 22:14:09] Текст ошибки: Страница не найдена | Файл: C:\domains\ishop2.loc\public\index.php | Строка: 14
        
===============================================
[2018-03-20 22:16:16] Текст ошибки: Страница не найдена | Файл: C:\domains\ishop2.loc\public\index.php | Строка: 14
        
===============================================
[2018-03-20 22:16:17] Текст ошибки: Страница не найдена | Файл: C:\domains\ishop2.loc\public\index.php | Строка: 14
        
===============================================
[2018-03-20 22:16:17] Текст ошибки: Страница не найдена | Файл: C:\domains\ishop2.loc\public\index.php | Строка: 14
        
===============================================
[2018-03-20 22:16:18] Текст ошибки: Страница не найдена | Файл: C:\domains\ishop2.loc\public\index.php | Строка: 14
        
===============================================
[2018-03-20 22:16:18] Текст ошибки: Страница не найдена | Файл: C:\domains\ishop2.loc\public\index.php | Строка: 14
        
===============================================
[2018-03-20 22:16:18] Текст ошибки: Страница не найдена | Файл: C:\domains\ishop2.loc\public\index.php | Строка: 14
        
===============================================
[2018-03-20 22:16:18] Текст ошибки: Страница не найдена | Файл: C:\domains\ishop2.loc\public\index.php | Строка: 14
        
===============================================
[2018-03-20 22:16:18] Текст ошибки: Страница не найдена | Файл: C:\domains\ishop2.loc\public\index.php | Строка: 14
        
===============================================
[2018-03-20 22:16:18] Текст ошибки: Страница не найдена | Файл: C:\domains\ishop2.loc\public\index.php | Строка: 14
        
===============================================
[2018-03-20 22:16:19] Текст ошибки: Страница не найдена | Файл: C:\domains\ishop2.loc\public\index.php | Строка: 14
        
===============================================
[2018-03-20 22:16:42] Текст ошибки: Страница не найдена | Файл: C:\domains\ishop2.loc\public\index.php | Строка: 14
        
===============================================
[2018-03-20 22:16:43] Текст ошибки: Страница не найдена | Файл: C:\domains\ishop2.loc\public\index.php | Строка: 14
        
===============================================
[2018-03-20 22:17:00] Текст ошибки: Страница не найдена | Файл: C:\domains\ishop2.loc\public\index.php | Строка: 14
        
===============================================
[2018-03-20 22:17:00] Текст ошибки: Страница не найдена | Файл: C:\domains\ishop2.loc\public\index.php | Строка: 14
        
===============================================
[2018-03-20 22:17:12] Текст ошибки: Страница не найдена | Файл: C:\domains\ishop2.loc\public\index.php | Строка: 14
        
===============================================
[2018-03-20 22:17:13] Текст ошибки: Страница не найдена | Файл: C:\domains\ishop2.loc\public\index.php | Строка: 14
        
===============================================
[2018-03-20 22:17:25] Текст ошибки: Страница не найдена | Файл: C:\domains\ishop2.loc\public\index.php | Строка: 14
        
===============================================
[2018-03-20 22:17:26] Текст ошибки: Страница не найдена | Файл: C:\domains\ishop2.loc\public\index.php | Строка: 14
        
===============================================
[2018-03-20 22:17:26] Текст ошибки: Страница не найдена | Файл: C:\domains\ishop2.loc\public\index.php | Строка: 14
        
===============================================
[2018-03-20 22:17:34] Текст ошибки: Страница не найдена | Файл: C:\domains\ishop2.loc\public\index.php | Строка: 14
        
===============================================
[2018-03-20 22:17:55] Текст ошибки: Страница не найдена | Файл: C:\domains\ishop2.loc\public\index.php | Строка: 14
        
===============================================
[2018-03-20 22:19:51] Текст ошибки: Страница не найдена | Файл: C:\domains\ishop2.loc\public\index.php | Строка: 14
        
===============================================
[2018-03-20 22:22:49] Текст ошибки: Страница не найдена | Файл: C:\domains\ishop2.loc\public\index.php | Строка: 14
        
===============================================
[2018-03-20 22:22:55] Текст ошибки: Страница не найдена | Файл: C:\domains\ishop2.loc\public\index.php | Строка: 14
        
===============================================
[2018-03-20 22:26:08] Текст ошибки: Страница не найдена | Файл: C:\domains\ishop2.loc\public\index.php | Строка: 14
        
===============================================
[2018-03-20 22:27:35] Текст ошибки: Страница не найдена | Файл: C:\domains\ishop2.loc\public\index.php | Строка: 14
        
===============================================
[2018-03-20 22:27:36] Текст ошибки: Страница не найдена | Файл: C:\domains\ishop2.loc\public\index.php | Строка: 14
        
===============================================
[2018-03-20 22:27:36] Текст ошибки: Страница не найдена | Файл: C:\domains\ishop2.loc\public\index.php | Строка: 14
        
===============================================
[2018-03-20 22:27:37] Текст ошибки: Страница не найдена | Файл: C:\domains\ishop2.loc\public\index.php | Строка: 14
        
===============================================
[2018-03-20 22:27:37] Текст ошибки: Страница не найдена | Файл: C:\domains\ishop2.loc\public\index.php | Строка: 14
        
===============================================
[2018-03-20 22:27:55] Текст ошибки: Страница не найдена | Файл: C:\domains\ishop2.loc\public\index.php | Строка: 14
        
===============================================
[2018-03-20 22:28:09] Текст ошибки: Страница не найдена | Файл: C:\domains\ishop2.loc\public\index.php | Строка: 14
        
===============================================
[2018-03-20 22:28:53] Текст ошибки: Страница не найдена!!! | Файл: C:\domains\ishop2.loc\public\index.php | Строка: 14
        
===============================================
[2018-03-20 22:29:05] Текст ошибки: Страница не найдена!!! | Файл: C:\domains\ishop2.loc\public\index.php | Строка: 14
        
===============================================
[2018-03-20 22:32:46] Текст ошибки: Страница не найдена!!! | Файл: C:\domains\ishop2.loc\public\index.php | Строка: 14
        
===============================================
[2018-03-20 22:32:47] Текст ошибки: Страница не найдена!!! | Файл: C:\domains\ishop2.loc\public\index.php | Строка: 14
        
===============================================
[2018-03-20 22:32:55] Текст ошибки: Страница не найдена!!! | Файл: C:\domains\ishop2.loc\public\index.php | Строка: 14
        
===============================================
[2018-03-20 22:33:00] Текст ошибки: Страница не найдена!!! | Файл: C:\domains\ishop2.loc\public\index.php | Строка: 14
        
===============================================
[2018-03-20 22:33:02] Текст ошибки: Страница не найдена!!! | Файл: C:\domains\ishop2.loc\public\index.php | Строка: 14
        
===============================================
[2018-03-20 22:33:04] Текст ошибки: Страница не найдена!!! | Файл: C:\domains\ishop2.loc\public\index.php | Строка: 14
        
===============================================
[2018-03-20 22:34:03] Текст ошибки: Страница не найдена!!! | Файл: C:\domains\ishop2.loc\public\index.php | Строка: 14
        
===============================================
[2018-03-20 22:34:41] Текст ошибки: Страница не найдена!!! | Файл: C:\domains\ishop2.loc\public\index.php | Строка: 14
        
===============================================
[2018-03-20 22:34:44] Текст ошибки: Страница не найдена!!! | Файл: C:\domains\ishop2.loc\public\index.php | Строка: 14
        
===============================================
[2018-03-20 22:34:45] Текст ошибки: Страница не найдена!!! | Файл: C:\domains\ishop2.loc\public\index.php | Строка: 14
        
===============================================
[2018-03-20 22:34:46] Текст ошибки: Страница не найдена!!! | Файл: C:\domains\ishop2.loc\public\index.php | Строка: 14
        
===============================================
[2018-03-20 22:34:46] Текст ошибки: Страница не найдена!!! | Файл: C:\domains\ishop2.loc\public\index.php | Строка: 14
        
===============================================
[2018-03-20 22:34:47] Текст ошибки: Страница не найдена!!! | Файл: C:\domains\ishop2.loc\public\index.php | Строка: 14
        
===============================================
[2018-03-20 22:34:47] Текст ошибки: Страница не найдена!!! | Файл: C:\domains\ishop2.loc\public\index.php | Строка: 14
        
===============================================
[2018-03-20 22:34:48] Текст ошибки: Страница не найдена!!! | Файл: C:\domains\ishop2.loc\public\index.php | Строка: 14
        
===============================================
[2018-03-20 22:34:54] Текст ошибки: Страница не найдена!!! | Файл: C:\domains\ishop2.loc\public\index.php | Строка: 14
        
===============================================
[2018-03-20 22:34:59] Текст ошибки: Страница не найдена!!! | Файл: C:\domains\ishop2.loc\public\index.php | Строка: 14
        
===============================================
[2018-03-20 22:37:09] Текст ошибки: Страница не найдена!!! | Файл: C:\domains\ishop2.loc\public\index.php | Строка: 14
        
===============================================
[2018-03-20 22:37:10] Текст ошибки: Страница не найдена!!! | Файл: C:\domains\ishop2.loc\public\index.php | Строка: 14
        
===============================================
[2018-03-20 22:37:20] Текст ошибки: Страница не найдена!!! | Файл: C:\domains\ishop2.loc\public\index.php | Строка: 14
        
===============================================
[2018-03-20 22:37:45] Текст ошибки: Страница не найдена!!! | Файл: C:\domains\ishop2.loc\public\index.php | Строка: 14
        
===============================================
[2018-03-20 22:38:19] Текст ошибки: Страница не найдена!!! | Файл: C:\domains\ishop2.loc\public\index.php | Строка: 14
        
===============================================
[2018-03-20 22:38:20] Текст ошибки: Страница не найдена!!! | Файл: C:\domains\ishop2.loc\public\index.php | Строка: 14
        
===============================================
[2018-03-20 22:38:32] Текст ошибки: Страница не найдена!!! | Файл: C:\domains\ishop2.loc\public\index.php | Строка: 14
        
===============================================
[2018-03-20 22:38:42] Текст ошибки: Страница не найдена!!! | Файл: C:\domains\ishop2.loc\public\index.php | Строка: 14
        
===============================================
[2018-03-20 22:38:53] Текст ошибки: Страница не найдена!!! | Файл: C:\domains\ishop2.loc\public\index.php | Строка: 14
        
===============================================
[2018-03-20 22:39:02] Текст ошибки: Страница не найдена!!! | Файл: C:\domains\ishop2.loc\public\index.php | Строка: 14
        
===============================================
[2018-03-20 22:39:43] Текст ошибки: Страница не найдена!!! | Файл: C:\domains\ishop2.loc\public\index.php | Строка: 14
        
===============================================
[2018-03-20 23:19:30] Текст ошибки: Call to undefined function debug() | Файл: C:\domains\ishop2.loc\public\index.php | Строка: 19
        
===============================================
[2018-03-20 23:19:32] Текст ошибки: Call to undefined function debug() | Файл: C:\domains\ishop2.loc\public\index.php | Строка: 19
        
===============================================
[2018-03-20 23:19:32] Текст ошибки: Call to undefined function debug() | Файл: C:\domains\ishop2.loc\public\index.php | Строка: 19
        
===============================================
[2018-03-20 23:19:33] Текст ошибки: Call to undefined function debug() | Файл: C:\domains\ishop2.loc\public\index.php | Строка: 19
        
===============================================
[2018-03-20 23:20:15] Текст ошибки: Call to undefined function debug() | Файл: C:\domains\ishop2.loc\public\index.php | Строка: 19
        
===============================================
[2018-03-20 23:20:16] Текст ошибки: Call to undefined function debug() | Файл: C:\domains\ishop2.loc\public\index.php | Строка: 19
        
===============================================
[2018-03-20 23:22:59] Текст ошибки: Call to undefined function debug() | Файл: C:\domains\ishop2.loc\public\index.php | Строка: 20
        
===============================================
[2018-03-20 23:23:01] Текст ошибки: Call to undefined function debug() | Файл: C:\domains\ishop2.loc\public\index.php | Строка: 20
        
===============================================
[2018-03-21 17:52:59] Текст ошибки: Контроллер app\controllers\MainController не найден | Файл: C:\domains\ishop2.loc\vendor\ishop\core\Router.php | Строка: 40
        
===============================================
[2018-03-21 17:52:59] Текст ошибки: Страница не найдена | Файл: C:\domains\ishop2.loc\vendor\ishop\core\Router.php | Строка: 43
        
===============================================
[2018-03-21 17:53:01] Текст ошибки: Контроллер app\controllers\MainController не найден | Файл: C:\domains\ishop2.loc\vendor\ishop\core\Router.php | Строка: 40
        
===============================================
[2018-03-21 17:53:01] Текст ошибки: Контроллер app\controllers\MainController не найден | Файл: C:\domains\ishop2.loc\vendor\ishop\core\Router.php | Строка: 40
        
===============================================
[2018-03-21 17:53:02] Текст ошибки: Контроллер app\controllers\MainController не найден | Файл: C:\domains\ishop2.loc\vendor\ishop\core\Router.php | Строка: 40
        
===============================================
[2018-03-21 17:53:02] Текст ошибки: Контроллер app\controllers\MainController не найден | Файл: C:\domains\ishop2.loc\vendor\ishop\core\Router.php | Строка: 40
        
===============================================
[2018-03-21 17:53:02] Текст ошибки: Контроллер app\controllers\MainController не найден | Файл: C:\domains\ishop2.loc\vendor\ishop\core\Router.php | Строка: 40
        
===============================================
[2018-03-21 17:53:02] Текст ошибки: Контроллер app\controllers\MainController не найден | Файл: C:\domains\ishop2.loc\vendor\ishop\core\Router.php | Строка: 40
        
===============================================
[2018-03-21 17:53:02] Текст ошибки: Контроллер app\controllers\MainController не найден | Файл: C:\domains\ishop2.loc\vendor\ishop\core\Router.php | Строка: 40
        
===============================================
[2018-03-21 17:53:03] Текст ошибки: Контроллер app\controllers\MainController не найден | Файл: C:\domains\ishop2.loc\vendor\ishop\core\Router.php | Строка: 40
        
===============================================
[2018-03-21 17:53:03] Текст ошибки: Контроллер app\controllers\MainController не найден | Файл: C:\domains\ishop2.loc\vendor\ishop\core\Router.php | Строка: 40
        
===============================================
[2018-03-21 17:53:03] Текст ошибки: Контроллер app\controllers\MainController не найден | Файл: C:\domains\ishop2.loc\vendor\ishop\core\Router.php | Строка: 40
        
===============================================
[2018-03-21 17:53:50] Текст ошибки: Метод app\controllers\MainController::indexAction не найден | Файл: C:\domains\ishop2.loc\vendor\ishop\core\Router.php | Строка: 37
        
===============================================
[2018-03-21 17:55:29] Текст ошибки: Контроллер app\controllers\PageController не найден | Файл: C:\domains\ishop2.loc\vendor\ishop\core\Router.php | Строка: 40
        
===============================================
[2018-03-21 17:55:59] Текст ошибки: Контроллер app\controllers\PageController не найден | Файл: C:\domains\ishop2.loc\vendor\ishop\core\Router.php | Строка: 40
        
===============================================
[2018-03-21 17:56:42] Текст ошибки: Страница не найдена | Файл: C:\domains\ishop2.loc\vendor\ishop\core\Router.php | Строка: 43
        
===============================================
[2018-03-21 17:56:51] Текст ошибки: Контроллер app\controllers\PageController не найден | Файл: C:\domains\ishop2.loc\vendor\ishop\core\Router.php | Строка: 40
        
===============================================
[2018-03-21 17:57:15] Текст ошибки: Метод app\controllers\PageController::viewrrrrAction не найден | Файл: C:\domains\ishop2.loc\vendor\ishop\core\Router.php | Строка: 37
        
===============================================
[2018-03-21 17:57:21] Текст ошибки: Метод app\controllers\PageController::viewAction не найден | Файл: C:\domains\ishop2.loc\vendor\ishop\core\Router.php | Строка: 37
        
===============================================
[2018-03-21 17:57:48] Текст ошибки: Метод app\controllers\PageController::viewAction не найден | Файл: C:\domains\ishop2.loc\vendor\ishop\core\Router.php | Строка: 37
        
===============================================
[2018-03-21 17:57:50] Текст ошибки: Метод app\controllers\PageController::viewAction не найден | Файл: C:\domains\ishop2.loc\vendor\ishop\core\Router.php | Строка: 37
        
===============================================
[2018-03-21 17:57:50] Текст ошибки: Метод app\controllers\PageController::viewAction не найден | Файл: C:\domains\ishop2.loc\vendor\ishop\core\Router.php | Строка: 37
        
===============================================
[2018-03-21 17:57:50] Текст ошибки: Метод app\controllers\PageController::viewAction не найден | Файл: C:\domains\ishop2.loc\vendor\ishop\core\Router.php | Строка: 37
        
===============================================
[2018-03-21 17:57:51] Текст ошибки: Метод app\controllers\PageController::viewAction не найден | Файл: C:\domains\ishop2.loc\vendor\ishop\core\Router.php | Строка: 37
        
===============================================
[2018-03-21 17:57:51] Текст ошибки: Метод app\controllers\PageController::viewAction не найден | Файл: C:\domains\ishop2.loc\vendor\ishop\core\Router.php | Строка: 37
        
===============================================
[2018-03-21 17:57:51] Текст ошибки: Метод app\controllers\PageController::viewAction не найден | Файл: C:\domains\ishop2.loc\vendor\ishop\core\Router.php | Строка: 37
        
===============================================
[2018-03-21 17:57:51] Текст ошибки: Метод app\controllers\PageController::viewAction не найден | Файл: C:\domains\ishop2.loc\vendor\ishop\core\Router.php | Строка: 37
        
===============================================
[2018-03-21 17:57:51] Текст ошибки: Метод app\controllers\PageController::viewAction не найден | Файл: C:\domains\ishop2.loc\vendor\ishop\core\Router.php | Строка: 37
        
===============================================
[2018-03-21 17:57:52] Текст ошибки: Метод app\controllers\PageController::viewAction не найден | Файл: C:\domains\ishop2.loc\vendor\ishop\core\Router.php | Строка: 37
        
===============================================
[2018-03-21 17:57:52] Текст ошибки: Метод app\controllers\PageController::viewAction не найден | Файл: C:\domains\ishop2.loc\vendor\ishop\core\Router.php | Строка: 37
        
===============================================
[2018-03-21 17:57:52] Текст ошибки: Метод app\controllers\PageController::viewAction не найден | Файл: C:\domains\ishop2.loc\vendor\ishop\core\Router.php | Строка: 37
        
===============================================
[2018-03-21 17:57:53] Текст ошибки: Метод app\controllers\PageController::viewAction не найден | Файл: C:\domains\ishop2.loc\vendor\ishop\core\Router.php | Строка: 37
        
===============================================
[2018-03-21 17:58:12] Текст ошибки: Метод app\controllers\PageController::viewAction не найден | Файл: C:\domains\ishop2.loc\vendor\ishop\core\Router.php | Строка: 37
        
===============================================
[2018-03-21 17:58:22] Текст ошибки: Метод app\controllers\PageController::viewAction не найден | Файл: C:\domains\ishop2.loc\vendor\ishop\core\Router.php | Строка: 37
        
===============================================
[2018-03-21 17:58:23] Текст ошибки: Метод app\controllers\PageController::viewAction не найден | Файл: C:\domains\ishop2.loc\vendor\ishop\core\Router.php | Строка: 37
        
===============================================
[2018-03-21 17:58:23] Текст ошибки: Метод app\controllers\PageController::viewAction не найден | Файл: C:\domains\ishop2.loc\vendor\ishop\core\Router.php | Строка: 37
        
===============================================
[2018-03-21 17:58:24] Текст ошибки: Метод app\controllers\PageController::viewAction не найден | Файл: C:\domains\ishop2.loc\vendor\ishop\core\Router.php | Строка: 37
        
===============================================
[2018-03-21 17:58:24] Текст ошибки: Метод app\controllers\PageController::viewAction не найден | Файл: C:\domains\ishop2.loc\vendor\ishop\core\Router.php | Строка: 37
        
===============================================
[2018-03-21 17:58:24] Текст ошибки: Метод app\controllers\PageController::viewAction не найден | Файл: C:\domains\ishop2.loc\vendor\ishop\core\Router.php | Строка: 37
        
===============================================
[2018-03-21 17:58:24] Текст ошибки: Метод app\controllers\PageController::viewAction не найден | Файл: C:\domains\ishop2.loc\vendor\ishop\core\Router.php | Строка: 37
        
===============================================
[2018-03-21 17:58:24] Текст ошибки: Метод app\controllers\PageController::viewAction не найден | Файл: C:\domains\ishop2.loc\vendor\ishop\core\Router.php | Строка: 37
        
===============================================
[2018-03-21 17:58:25] Текст ошибки: Метод app\controllers\PageController::viewAction не найден | Файл: C:\domains\ishop2.loc\vendor\ishop\core\Router.php | Строка: 37
        
===============================================
[2018-03-21 17:58:25] Текст ошибки: Метод app\controllers\PageController::viewAction не найден | Файл: C:\domains\ishop2.loc\vendor\ishop\core\Router.php | Строка: 37
        
===============================================
[2018-03-21 17:58:25] Текст ошибки: Метод app\controllers\PageController::viewAction не найден | Файл: C:\domains\ishop2.loc\vendor\ishop\core\Router.php | Строка: 37
        
===============================================
[2018-03-21 17:58:25] Текст ошибки: Метод app\controllers\PageController::viewAction не найден | Файл: C:\domains\ishop2.loc\vendor\ishop\core\Router.php | Строка: 37
        
===============================================
[2018-03-21 17:58:26] Текст ошибки: Метод app\controllers\PageController::viewAction не найден | Файл: C:\domains\ishop2.loc\vendor\ishop\core\Router.php | Строка: 37
        
===============================================
[2018-03-21 17:58:26] Текст ошибки: Метод app\controllers\PageController::viewAction не найден | Файл: C:\domains\ishop2.loc\vendor\ishop\core\Router.php | Строка: 37
        
===============================================
[2018-03-21 17:58:26] Текст ошибки: Метод app\controllers\PageController::viewAction не найден | Файл: C:\domains\ishop2.loc\vendor\ishop\core\Router.php | Строка: 37
        
===============================================
[2018-03-21 17:58:26] Текст ошибки: Метод app\controllers\PageController::viewAction не найден | Файл: C:\domains\ishop2.loc\vendor\ishop\core\Router.php | Строка: 37
        
===============================================
[2018-03-21 17:59:23] Текст ошибки: Метод app\controllers\PageController::viewAction не найден | Файл: C:\domains\ishop2.loc\vendor\ishop\core\Router.php | Строка: 37
        
===============================================
[2018-03-21 17:59:35] Текст ошибки: Метод app\controllers\PageController::viewAction не найден | Файл: C:\domains\ishop2.loc\vendor\ishop\core\Router.php | Строка: 37
        
===============================================
[2018-03-21 17:59:36] Текст ошибки: Метод app\controllers\PageController::viewAction не найден | Файл: C:\domains\ishop2.loc\vendor\ishop\core\Router.php | Строка: 37
        
===============================================
[2018-03-21 17:59:38] Текст ошибки: Метод app\controllers\PageController::indexAction не найден | Файл: C:\domains\ishop2.loc\vendor\ishop\core\Router.php | Строка: 37
        
===============================================
[2018-03-21 17:59:41] Текст ошибки: Метод app\controllers\PageController::indexAction не найден | Файл: C:\domains\ishop2.loc\vendor\ishop\core\Router.php | Строка: 37
        
===============================================
[2018-03-21 17:59:42] Текст ошибки: Метод app\controllers\PageController::indexAction не найден | Файл: C:\domains\ishop2.loc\vendor\ishop\core\Router.php | Строка: 37
        
===============================================
[2018-03-21 17:59:42] Текст ошибки: Метод app\controllers\PageController::indexAction не найден | Файл: C:\domains\ishop2.loc\vendor\ishop\core\Router.php | Строка: 37
        
===============================================
[2018-03-21 17:59:43] Текст ошибки: Метод app\controllers\PageController::indexAction не найден | Файл: C:\domains\ishop2.loc\vendor\ishop\core\Router.php | Строка: 37
        
===============================================
[2018-03-21 17:59:43] Текст ошибки: Метод app\controllers\PageController::indexAction не найден | Файл: C:\domains\ishop2.loc\vendor\ishop\core\Router.php | Строка: 37
        
===============================================
[2018-03-21 18:00:24] Текст ошибки: Метод app\controllers\PageController::viewAction не найден | Файл: C:\domains\ishop2.loc\vendor\ishop\core\Router.php | Строка: 37
        
===============================================
[2018-03-21 18:12:41] Текст ошибки: Страница не найдена | Файл: C:\domains\ishop2.loc\vendor\ishop\core\Router.php | Строка: 43
        
===============================================
[2018-03-21 18:12:44] Текст ошибки: Страница не найдена | Файл: C:\domains\ishop2.loc\vendor\ishop\core\Router.php | Строка: 43
        
===============================================
[2018-03-21 18:12:46] Текст ошибки: Страница не найдена | Файл: C:\domains\ishop2.loc\vendor\ishop\core\Router.php | Строка: 43
        
===============================================
[2018-03-21 18:12:47] Текст ошибки: Страница не найдена | Файл: C:\domains\ishop2.loc\vendor\ishop\core\Router.php | Строка: 43
        
===============================================
[2018-03-21 18:12:47] Текст ошибки: Страница не найдена | Файл: C:\domains\ishop2.loc\vendor\ishop\core\Router.php | Строка: 43
        
===============================================
[2018-03-21 19:11:20] Текст ошибки: Страница не найдена | Файл: C:\domains\ishop2.loc\vendor\ishop\core\Router.php | Строка: 43
        
===============================================
[2018-03-21 19:11:28] Текст ошибки: Метод app\controllers\MainController::viewAction не найден | Файл: C:\domains\ishop2.loc\vendor\ishop\core\Router.php | Строка: 37
        
===============================================
[2018-03-21 19:11:32] Текст ошибки: Call to undefined function app\controllers\debug() | Файл: C:\domains\ishop2.loc\app\controllers\MainController.php | Строка: 17
        
===============================================
[2018-03-21 19:15:28] Текст ошибки: Метод app\controllers\MainController::indexAction не найден | Файл: C:\domains\ishop2.loc\vendor\ishop\core\Router.php | Строка: 37
        
===============================================
[2018-03-21 19:15:28] Текст ошибки: Метод app\controllers\MainController::indexAction не найден | Файл: C:\domains\ishop2.loc\vendor\ishop\core\Router.php | Строка: 37
        
===============================================
[2018-03-21 19:15:29] Текст ошибки: Метод app\controllers\MainController::indexAction не найден | Файл: C:\domains\ishop2.loc\vendor\ishop\core\Router.php | Строка: 37
        
===============================================
[2018-03-21 19:15:29] Текст ошибки: Метод app\controllers\MainController::indexAction не найден | Файл: C:\domains\ishop2.loc\vendor\ishop\core\Router.php | Строка: 37
        
===============================================
[2018-03-21 19:38:04] Текст ошибки: Страница не найдена | Файл: C:\domains\ishop2.loc\vendor\ishop\core\Router.php | Строка: 43
        
===============================================
[2018-03-21 20:23:32] Текст ошибки: На найден вид C:\domains\ishop2.loc/app/views//index.php | Файл: C:\domains\ishop2.loc\vendor\ishop\core\base\View.php | Строка: 47
        
===============================================
[2018-03-21 20:23:33] Текст ошибки: На найден вид C:\domains\ishop2.loc/app/views//index.php | Файл: C:\domains\ishop2.loc\vendor\ishop\core\base\View.php | Строка: 47
        
===============================================
[2018-03-21 20:23:33] Текст ошибки: На найден вид C:\domains\ishop2.loc/app/views//index.php | Файл: C:\domains\ishop2.loc\vendor\ishop\core\base\View.php | Строка: 47
        
===============================================
[2018-03-21 20:23:33] Текст ошибки: На найден вид C:\domains\ishop2.loc/app/views//index.php | Файл: C:\domains\ishop2.loc\vendor\ishop\core\base\View.php | Строка: 47
        
===============================================
[2018-03-21 20:23:34] Текст ошибки: На найден вид C:\domains\ishop2.loc/app/views//index.php | Файл: C:\domains\ishop2.loc\vendor\ishop\core\base\View.php | Строка: 47
        
===============================================
[2018-03-21 20:23:34] Текст ошибки: На найден вид C:\domains\ishop2.loc/app/views//index.php | Файл: C:\domains\ishop2.loc\vendor\ishop\core\base\View.php | Строка: 47
        
===============================================
[2018-03-21 20:23:34] Текст ошибки: На найден вид C:\domains\ishop2.loc/app/views//index.php | Файл: C:\domains\ishop2.loc\vendor\ishop\core\base\View.php | Строка: 47
        
===============================================
[2018-03-21 20:23:34] Текст ошибки: На найден вид C:\domains\ishop2.loc/app/views//index.php | Файл: C:\domains\ishop2.loc\vendor\ishop\core\base\View.php | Строка: 47
        
===============================================
[2018-03-21 20:23:35] Текст ошибки: На найден вид C:\domains\ishop2.loc/app/views//index.php | Файл: C:\domains\ishop2.loc\vendor\ishop\core\base\View.php | Строка: 47
        
===============================================
[2018-03-21 20:23:35] Текст ошибки: На найден вид C:\domains\ishop2.loc/app/views//index.php | Файл: C:\domains\ishop2.loc\vendor\ishop\core\base\View.php | Строка: 47
        
===============================================
[2018-03-21 20:23:35] Текст ошибки: На найден вид C:\domains\ishop2.loc/app/views//index.php | Файл: C:\domains\ishop2.loc\vendor\ishop\core\base\View.php | Строка: 47
        
===============================================
[2018-03-21 20:24:40] Текст ошибки: На найден вид C:\domains\ishop2.loc/app/views//index.php | Файл: C:\domains\ishop2.loc\vendor\ishop\core\base\View.php | Строка: 47
        
===============================================
[2018-03-21 20:24:41] Текст ошибки: На найден вид C:\domains\ishop2.loc/app/views//index.php | Файл: C:\domains\ishop2.loc\vendor\ishop\core\base\View.php | Строка: 47
        
===============================================
[2018-03-21 20:24:43] Текст ошибки: На найден вид C:\domains\ishop2.loc/app/views//index.php | Файл: C:\domains\ishop2.loc\vendor\ishop\core\base\View.php | Строка: 47
        
===============================================
[2018-03-21 20:24:43] Текст ошибки: Страница не найдена | Файл: C:\domains\ishop2.loc\vendor\ishop\core\Router.php | Строка: 44
        
===============================================
[2018-03-21 20:24:52] Текст ошибки: На найден вид C:\domains\ishop2.loc/app/views//index.php | Файл: C:\domains\ishop2.loc\vendor\ishop\core\base\View.php | Строка: 47
        
===============================================
[2018-03-21 20:24:54] Текст ошибки: На найден вид C:\domains\ishop2.loc/app/views//index.php | Файл: C:\domains\ishop2.loc\vendor\ishop\core\base\View.php | Строка: 47
        
===============================================
[2018-03-21 20:24:54] Текст ошибки: На найден вид C:\domains\ishop2.loc/app/views//index.php | Файл: C:\domains\ishop2.loc\vendor\ishop\core\base\View.php | Строка: 47
        
===============================================
[2018-03-21 20:25:03] Текст ошибки: Контроллер app\controllers\TykyuController не найден | Файл: C:\domains\ishop2.loc\vendor\ishop\core\Router.php | Строка: 41
        
===============================================
[2018-03-21 20:25:08] Текст ошибки: На найден вид C:\domains\ishop2.loc/app/views//index.php | Файл: C:\domains\ishop2.loc\vendor\ishop\core\base\View.php | Строка: 47
        
===============================================
[2018-03-21 20:26:12] Текст ошибки: Метод app\controllers\MainController::viewAction не найден | Файл: C:\domains\ishop2.loc\vendor\ishop\core\Router.php | Строка: 38
        
===============================================
[2018-03-21 21:29:09] Текст ошибки: syntax error, unexpected 'ж' (T_STRING) | Файл: C:\domains\ishop2.loc\app\controllers\MainController.php | Строка: 18
        
===============================================
[2018-03-21 21:29:10] Текст ошибки: syntax error, unexpected 'ж' (T_STRING) | Файл: C:\domains\ishop2.loc\app\controllers\MainController.php | Строка: 18
        
===============================================
[2018-03-21 21:29:11] Текст ошибки: syntax error, unexpected 'ж' (T_STRING) | Файл: C:\domains\ishop2.loc\app\controllers\MainController.php | Строка: 18
        
===============================================
[2018-03-21 21:29:11] Текст ошибки: syntax error, unexpected 'ж' (T_STRING) | Файл: C:\domains\ishop2.loc\app\controllers\MainController.php | Строка: 18
        
===============================================
[2018-03-21 21:29:11] Текст ошибки: syntax error, unexpected 'ж' (T_STRING) | Файл: C:\domains\ishop2.loc\app\controllers\MainController.php | Строка: 18
        
===============================================
[2018-03-21 21:29:11] Текст ошибки: syntax error, unexpected 'ж' (T_STRING) | Файл: C:\domains\ishop2.loc\app\controllers\MainController.php | Строка: 18
        
===============================================
[2018-03-21 21:29:12] Текст ошибки: syntax error, unexpected 'ж' (T_STRING) | Файл: C:\domains\ishop2.loc\app\controllers\MainController.php | Строка: 18
        
===============================================
[2018-03-21 22:25:30] Текст ошибки: Class 'app\controllers\AppModel' not found | Файл: C:\domains\ishop2.loc\app\controllers\AppController.php | Строка: 20
        
===============================================
[2018-03-21 22:25:32] Текст ошибки: Class 'app\controllers\AppModel' not found | Файл: C:\domains\ishop2.loc\app\controllers\AppController.php | Строка: 20
        
===============================================
[2018-03-21 22:25:32] Текст ошибки: Class 'app\controllers\AppModel' not found | Файл: C:\domains\ishop2.loc\app\controllers\AppController.php | Строка: 20
        
===============================================
[2018-03-21 22:25:32] Текст ошибки: Class 'app\controllers\AppModel' not found | Файл: C:\domains\ishop2.loc\app\controllers\AppController.php | Строка: 20
        
===============================================
[2018-03-21 22:27:52] Текст ошибки: Class 'app\controllers\AppModel' not found | Файл: C:\domains\ishop2.loc\app\controllers\AppController.php | Строка: 20
        
===============================================
[2018-03-21 22:27:52] Текст ошибки: Class 'app\controllers\AppModel' not found | Файл: C:\domains\ishop2.loc\app\controllers\AppController.php | Строка: 20
        
===============================================
[2018-03-21 22:27:54] Текст ошибки: Class 'app\controllers\AppModel' not found | Файл: C:\domains\ishop2.loc\app\controllers\AppController.php | Строка: 20
        
===============================================
[2018-03-21 22:31:43] Текст ошибки: Class 'R' not found | Файл: C:\domains\ishop2.loc\app\controllers\MainController.php | Строка: 18
        
===============================================
[2018-03-21 22:32:11] Текст ошибки: Class 'R' not found | Файл: C:\domains\ishop2.loc\app\controllers\MainController.php | Строка: 18
        
===============================================
[2018-03-21 22:32:14] Текст ошибки: Class 'R' not found | Файл: C:\domains\ishop2.loc\app\controllers\MainController.php | Строка: 18
        
===============================================
[2018-03-21 22:32:14] Текст ошибки: Страница не найдена | Файл: C:\domains\ishop2.loc\vendor\ishop\core\Router.php | Строка: 44
        
===============================================
[2018-03-21 22:32:25] Текст ошибки: Class 'R' not found | Файл: C:\domains\ishop2.loc\app\controllers\MainController.php | Строка: 18
        
===============================================
[2018-03-21 22:32:27] Текст ошибки: Class 'R' not found | Файл: C:\domains\ishop2.loc\app\controllers\MainController.php | Строка: 18
        
===============================================
[2018-03-21 22:35:12] Текст ошибки: Class 'R' not found | Файл: C:\domains\ishop2.loc\app\controllers\MainController.php | Строка: 18
        
===============================================
[2018-03-21 22:35:13] Текст ошибки: Class 'R' not found | Файл: C:\domains\ishop2.loc\app\controllers\MainController.php | Строка: 18
        
===============================================
[2018-03-21 22:35:13] Текст ошибки: Class 'R' not found | Файл: C:\domains\ishop2.loc\app\controllers\MainController.php | Строка: 18
        
===============================================
[2018-03-21 22:35:14] Текст ошибки: Class 'R' not found | Файл: C:\domains\ishop2.loc\app\controllers\MainController.php | Строка: 18
        
===============================================
[2018-03-21 22:38:43] Текст ошибки: Class 'R' not found | Файл: C:\domains\ishop2.loc\app\controllers\MainController.php | Строка: 18
        
===============================================
[2018-03-21 22:38:44] Текст ошибки: Class 'R' not found | Файл: C:\domains\ishop2.loc\app\controllers\MainController.php | Строка: 18
        
===============================================
[2018-03-21 22:38:45] Текст ошибки: Class 'R' not found | Файл: C:\domains\ishop2.loc\app\controllers\MainController.php | Строка: 18
        
===============================================
[2018-03-21 22:38:45] Текст ошибки: Class 'R' not found | Файл: C:\domains\ishop2.loc\app\controllers\MainController.php | Строка: 18
        
===============================================
[2018-03-21 22:38:45] Текст ошибки: Class 'R' not found | Файл: C:\domains\ishop2.loc\app\controllers\MainController.php | Строка: 18
        
===============================================
[2018-03-21 22:38:47] Текст ошибки: Class 'R' not found | Файл: C:\domains\ishop2.loc\app\controllers\MainController.php | Строка: 18
        
===============================================
[2018-03-21 22:38:47] Текст ошибки: Страница не найдена | Файл: C:\domains\ishop2.loc\vendor\ishop\core\Router.php | Строка: 44
        
===============================================
[2018-03-21 22:38:53] Текст ошибки: Class 'R' not found | Файл: C:\domains\ishop2.loc\app\controllers\MainController.php | Строка: 18
        
===============================================
[2018-03-21 22:38:54] Текст ошибки: Class 'R' not found | Файл: C:\domains\ishop2.loc\app\controllers\MainController.php | Строка: 18
        
===============================================
[2018-03-21 22:38:55] Текст ошибки: Class 'R' not found | Файл: C:\domains\ishop2.loc\app\controllers\MainController.php | Строка: 18
        
===============================================
[2018-03-21 22:40:24] Текст ошибки: Class 'R' not found | Файл: C:\domains\ishop2.loc\app\controllers\MainController.php | Строка: 18
        
===============================================
[2018-03-21 22:40:24] Текст ошибки: Class 'R' not found | Файл: C:\domains\ishop2.loc\app\controllers\MainController.php | Строка: 18
        
===============================================
[2018-03-21 22:48:31] Текст ошибки: Call to undefined function debug() | Файл: C:\domains\ishop2.loc\app\views\Main\index.php | Строка: 4
        
===============================================
[2018-03-21 22:48:33] Текст ошибки: Call to undefined function debug() | Файл: C:\domains\ishop2.loc\app\views\Main\index.php | Строка: 4
        
===============================================
[2018-03-21 22:48:34] Текст ошибки: Call to undefined function debug() | Файл: C:\domains\ishop2.loc\app\views\Main\index.php | Строка: 4
        
===============================================
[2018-03-21 22:48:34] Текст ошибки: Call to undefined function debug() | Файл: C:\domains\ishop2.loc\app\views\Main\index.php | Строка: 4
        
===============================================
[2018-03-21 22:51:13] Текст ошибки: Class 'RedBean_SimpleModel' not found | Файл: C:\domains\ishop2.loc\app\controllers\MainController.php | Строка: 18
        
===============================================
[2018-03-21 22:51:16] Текст ошибки: Class 'RedBean_SimpleModel' not found | Файл: C:\domains\ishop2.loc\app\controllers\MainController.php | Строка: 18
        
===============================================
[2018-03-21 22:51:16] Текст ошибки: Class 'RedBean_SimpleModel' not found | Файл: C:\domains\ishop2.loc\app\controllers\MainController.php | Строка: 18
        
===============================================
[2018-03-21 22:55:42] Текст ошибки: Страница не найдена | Файл: C:\domains\ishop2.loc\vendor\ishop\core\Router.php | Строка: 44
        
===============================================
[2018-03-21 23:00:25] Текст ошибки: syntax error, unexpected 'foreach' (T_FOREACH) | Файл: C:\domains\ishop2.loc\app\views\Main\index.php | Строка: 13
        
===============================================
[2018-03-21 23:00:29] Текст ошибки: syntax error, unexpected 'foreach' (T_FOREACH) | Файл: C:\domains\ishop2.loc\app\views\Main\index.php | Строка: 13
        
===============================================
[2018-03-21 23:00:29] Текст ошибки: syntax error, unexpected 'foreach' (T_FOREACH) | Файл: C:\domains\ishop2.loc\app\views\Main\index.php | Строка: 13
        
===============================================
[2018-03-21 23:00:29] Текст ошибки: syntax error, unexpected 'foreach' (T_FOREACH) | Файл: C:\domains\ishop2.loc\app\views\Main\index.php | Строка: 13
        
===============================================
[2018-03-21 23:00:41] Текст ошибки: syntax error, unexpected 'foreach' (T_FOREACH) | Файл: C:\domains\ishop2.loc\app\views\Main\index.php | Строка: 13
        
===============================================
[2018-03-21 23:02:15] Текст ошибки: Контроллер app\controllers\WrgController не найден | Файл: C:\domains\ishop2.loc\vendor\ishop\core\Router.php | Строка: 41
        
===============================================
[2018-03-21 23:02:22] Текст ошибки: Call to undefined method app\controllers\PageController::getView() | Файл: C:\domains\ishop2.loc\vendor\ishop\core\Router.php | Строка: 36
        
===============================================
[2018-03-21 23:12:43] Текст ошибки: Plugin 'myDebug' does not exist, add this plugin using: R::ext('myDebug') | Файл: C:\domains\ishop2.loc\vendor\gabordemooij\redbean\RedBeanPHP\Facade.php | Строка: 2206
        
===============================================
[2018-03-21 23:12:46] Текст ошибки: Plugin 'myDebug' does not exist, add this plugin using: R::ext('myDebug') | Файл: C:\domains\ishop2.loc\vendor\gabordemooij\redbean\RedBeanPHP\Facade.php | Строка: 2206
        
===============================================
[2018-03-21 23:12:46] Текст ошибки: Plugin 'myDebug' does not exist, add this plugin using: R::ext('myDebug') | Файл: C:\domains\ishop2.loc\vendor\gabordemooij\redbean\RedBeanPHP\Facade.php | Строка: 2206
        
===============================================
[2018-03-22 00:09:23] Текст ошибки: Call to undefined method app\controllers\PageController::getView() | Файл: C:\domains\ishop2.loc\vendor\ishop\core\Router.php | Строка: 36
        
===============================================
[2018-03-22 00:09:55] Текст ошибки: Call to undefined method app\controllers\PageController::getView() | Файл: C:\domains\ishop2.loc\vendor\ishop\core\Router.php | Строка: 36
        
===============================================
[2018-03-22 00:09:56] Текст ошибки: Call to undefined method app\controllers\PageController::getView() | Файл: C:\domains\ishop2.loc\vendor\ishop\core\Router.php | Строка: 36
        
===============================================
[2018-03-22 00:09:57] Текст ошибки: Call to undefined method app\controllers\PageController::getView() | Файл: C:\domains\ishop2.loc\vendor\ishop\core\Router.php | Строка: 36
        
===============================================
[2018-03-22 00:10:01] Текст ошибки: Call to undefined method app\controllers\PageController::getView() | Файл: C:\domains\ishop2.loc\vendor\ishop\core\Router.php | Строка: 36
        
===============================================
[2018-03-22 00:10:02] Текст ошибки: Call to undefined method app\controllers\PageController::getView() | Файл: C:\domains\ishop2.loc\vendor\ishop\core\Router.php | Строка: 36
        
===============================================
[2018-03-22 00:10:02] Текст ошибки: Call to undefined method app\controllers\PageController::getView() | Файл: C:\domains\ishop2.loc\vendor\ishop\core\Router.php | Строка: 36
        
===============================================
[2018-03-22 00:10:02] Текст ошибки: Call to undefined method app\controllers\PageController::getView() | Файл: C:\domains\ishop2.loc\vendor\ishop\core\Router.php | Строка: 36
        
===============================================
[2018-03-22 00:10:03] Текст ошибки: Call to undefined method app\controllers\PageController::getView() | Файл: C:\domains\ishop2.loc\vendor\ishop\core\Router.php | Строка: 36
        
===============================================
[2018-03-22 00:10:03] Текст ошибки: Call to undefined method app\controllers\PageController::getView() | Файл: C:\domains\ishop2.loc\vendor\ishop\core\Router.php | Строка: 36
        
===============================================
[2018-03-22 00:10:38] Текст ошибки: Call to undefined method app\controllers\PageController::getView() | Файл: C:\domains\ishop2.loc\vendor\ishop\core\Router.php | Строка: 36
        
===============================================
[2018-03-22 00:10:39] Текст ошибки: Call to undefined method app\controllers\PageController::getView() | Файл: C:\domains\ishop2.loc\vendor\ishop\core\Router.php | Строка: 36
        
===============================================
[2018-03-22 00:10:39] Текст ошибки: Call to undefined method app\controllers\PageController::getView() | Файл: C:\domains\ishop2.loc\vendor\ishop\core\Router.php | Строка: 36
        
===============================================
[2018-03-22 00:10:39] Текст ошибки: Call to undefined method app\controllers\PageController::getView() | Файл: C:\domains\ishop2.loc\vendor\ishop\core\Router.php | Строка: 36
        
===============================================
[2018-03-22 00:10:40] Текст ошибки: Call to undefined method app\controllers\PageController::getView() | Файл: C:\domains\ishop2.loc\vendor\ishop\core\Router.php | Строка: 36
        
===============================================
[2018-03-22 00:10:40] Текст ошибки: Call to undefined method app\controllers\PageController::getView() | Файл: C:\domains\ishop2.loc\vendor\ishop\core\Router.php | Строка: 36
        
===============================================
[2018-03-22 00:10:43] Текст ошибки: Call to undefined method app\controllers\PageController::getView() | Файл: C:\domains\ishop2.loc\vendor\ishop\core\Router.php | Строка: 36
        
===============================================
[2018-03-22 00:10:49] Текст ошибки: Call to undefined method app\controllers\PageController::getView() | Файл: C:\domains\ishop2.loc\vendor\ishop\core\Router.php | Строка: 36
        
===============================================
[2018-03-22 00:10:52] Текст ошибки: Call to undefined method app\controllers\PageController::getView() | Файл: C:\domains\ishop2.loc\vendor\ishop\core\Router.php | Строка: 36
        
===============================================
[2018-03-22 00:11:38] Текст ошибки: Call to undefined method app\controllers\PageController::getView() | Файл: C:\domains\ishop2.loc\vendor\ishop\core\Router.php | Строка: 36
        
===============================================
[2018-03-22 00:11:39] Текст ошибки: Call to undefined method app\controllers\PageController::getView() | Файл: C:\domains\ishop2.loc\vendor\ishop\core\Router.php | Строка: 36
        
===============================================
[2018-03-22 00:11:39] Текст ошибки: Call to undefined method app\controllers\PageController::getView() | Файл: C:\domains\ishop2.loc\vendor\ishop\core\Router.php | Строка: 36
        
===============================================
[2018-03-22 00:11:39] Текст ошибки: Call to undefined method app\controllers\PageController::getView() | Файл: C:\domains\ishop2.loc\vendor\ishop\core\Router.php | Строка: 36
        
===============================================
[2018-03-22 00:11:40] Текст ошибки: Call to undefined method app\controllers\PageController::getView() | Файл: C:\domains\ishop2.loc\vendor\ishop\core\Router.php | Строка: 36
        
===============================================
[2018-03-22 00:12:14] Текст ошибки: Call to undefined method app\controllers\PageController::getView() | Файл: C:\domains\ishop2.loc\vendor\ishop\core\Router.php | Строка: 36
        
===============================================
[2018-03-22 00:12:14] Текст ошибки: Call to undefined method app\controllers\PageController::getView() | Файл: C:\domains\ishop2.loc\vendor\ishop\core\Router.php | Строка: 36
        
===============================================
[2018-03-22 00:12:15] Текст ошибки: Call to undefined method app\controllers\PageController::getView() | Файл: C:\domains\ishop2.loc\vendor\ishop\core\Router.php | Строка: 36
        
===============================================
[2018-03-22 00:12:16] Текст ошибки: Call to undefined method app\controllers\PageController::getView() | Файл: C:\domains\ishop2.loc\vendor\ishop\core\Router.php | Строка: 36
        
===============================================
[2018-03-22 00:12:16] Текст ошибки: Call to undefined method app\controllers\PageController::getView() | Файл: C:\domains\ishop2.loc\vendor\ishop\core\Router.php | Строка: 36
        
===============================================
[2018-03-22 00:12:16] Текст ошибки: Call to undefined method app\controllers\PageController::getView() | Файл: C:\domains\ishop2.loc\vendor\ishop\core\Router.php | Строка: 36
        
===============================================
[2018-03-22 00:12:16] Текст ошибки: Call to undefined method app\controllers\PageController::getView() | Файл: C:\domains\ishop2.loc\vendor\ishop\core\Router.php | Строка: 36
        
===============================================
[2018-03-22 00:12:16] Текст ошибки: Call to undefined method app\controllers\PageController::getView() | Файл: C:\domains\ishop2.loc\vendor\ishop\core\Router.php | Строка: 36
        
===============================================
[2018-03-22 00:12:17] Текст ошибки: Call to undefined method app\controllers\PageController::getView() | Файл: C:\domains\ishop2.loc\vendor\ishop\core\Router.php | Строка: 36
        
===============================================
[2018-03-22 00:12:17] Текст ошибки: Call to undefined method app\controllers\PageController::getView() | Файл: C:\domains\ishop2.loc\vendor\ishop\core\Router.php | Строка: 36
        
===============================================
[2018-03-22 00:12:17] Текст ошибки: Call to undefined method app\controllers\PageController::getView() | Файл: C:\domains\ishop2.loc\vendor\ishop\core\Router.php | Строка: 36
        
===============================================
[2018-03-22 00:12:17] Текст ошибки: Call to undefined method app\controllers\PageController::getView() | Файл: C:\domains\ishop2.loc\vendor\ishop\core\Router.php | Строка: 36
        
===============================================
[2018-03-22 00:12:24] Текст ошибки: Call to undefined method app\controllers\PageController::getView() | Файл: C:\domains\ishop2.loc\vendor\ishop\core\Router.php | Строка: 36
        
===============================================
[2018-03-22 00:12:25] Текст ошибки: Call to undefined method app\controllers\PageController::getView() | Файл: C:\domains\ishop2.loc\vendor\ishop\core\Router.php | Строка: 36
        
===============================================
[2018-03-22 00:12:25] Текст ошибки: Call to undefined method app\controllers\PageController::getView() | Файл: C:\domains\ishop2.loc\vendor\ishop\core\Router.php | Строка: 36
        
===============================================
[2018-03-22 00:12:25] Текст ошибки: Call to undefined method app\controllers\PageController::getView() | Файл: C:\domains\ishop2.loc\vendor\ishop\core\Router.php | Строка: 36
        
===============================================
[2018-03-22 00:12:25] Текст ошибки: Call to undefined method app\controllers\PageController::getView() | Файл: C:\domains\ishop2.loc\vendor\ishop\core\Router.php | Строка: 36
        
===============================================
[2018-03-22 00:12:26] Текст ошибки: Call to undefined method app\controllers\PageController::getView() | Файл: C:\domains\ishop2.loc\vendor\ishop\core\Router.php | Строка: 36
        
===============================================
[2018-03-22 00:12:26] Текст ошибки: Call to undefined method app\controllers\PageController::getView() | Файл: C:\domains\ishop2.loc\vendor\ishop\core\Router.php | Строка: 36
        
===============================================
[2018-03-22 00:12:26] Текст ошибки: Call to undefined method app\controllers\PageController::getView() | Файл: C:\domains\ishop2.loc\vendor\ishop\core\Router.php | Строка: 36
        
===============================================
[2018-03-22 00:12:26] Текст ошибки: Call to undefined method app\controllers\PageController::getView() | Файл: C:\domains\ishop2.loc\vendor\ishop\core\Router.php | Строка: 36
        
===============================================
[2018-03-22 00:13:50] Текст ошибки: syntax error, unexpected '}', expecting ',' or ';' | Файл: C:\domains\ishop2.loc\app\controllers\PageController.php | Строка: 16
        
===============================================
[2018-03-22 00:13:53] Текст ошибки: syntax error, unexpected '}', expecting ',' or ';' | Файл: C:\domains\ishop2.loc\app\controllers\PageController.php | Строка: 16
        
===============================================
[2018-03-22 00:14:03] Текст ошибки: Call to undefined method app\controllers\PageController::getView() | Файл: C:\domains\ishop2.loc\vendor\ishop\core\Router.php | Строка: 36
        
===============================================
[2018-03-22 00:14:11] Текст ошибки: Call to undefined method app\controllers\PageController::getView() | Файл: C:\domains\ishop2.loc\vendor\ishop\core\Router.php | Строка: 36
        
===============================================
[2018-03-22 00:14:12] Текст ошибки: Call to undefined method app\controllers\PageController::getView() | Файл: C:\domains\ishop2.loc\vendor\ishop\core\Router.php | Строка: 36
        
===============================================
[2018-03-22 00:15:35] Текст ошибки: Call to undefined method app\controllers\PageController::getView() | Файл: C:\domains\ishop2.loc\vendor\ishop\core\Router.php | Строка: 31
        
===============================================
[2018-03-22 00:15:39] Текст ошибки: Call to undefined method app\controllers\PageController::getView() | Файл: C:\domains\ishop2.loc\vendor\ishop\core\Router.php | Строка: 31
        
===============================================
[2018-03-22 00:15:41] Текст ошибки: Call to undefined method app\controllers\PageController::getView() | Файл: C:\domains\ishop2.loc\vendor\ishop\core\Router.php | Строка: 31
        
===============================================
[2018-03-22 00:15:42] Текст ошибки: Call to undefined method app\controllers\PageController::getView() | Файл: C:\domains\ishop2.loc\vendor\ishop\core\Router.php | Строка: 31
        
===============================================
[2018-03-22 00:15:55] Текст ошибки: Call to undefined method app\controllers\PageController::getView() | Файл: C:\domains\ishop2.loc\vendor\ishop\core\Router.php | Строка: 31
        
===============================================
[2018-03-22 00:15:56] Текст ошибки: Call to undefined method app\controllers\PageController::getView() | Файл: C:\domains\ishop2.loc\vendor\ishop\core\Router.php | Строка: 31
        
===============================================
[2018-03-22 00:16:09] Текст ошибки: Call to undefined method app\controllers\PageController::getView() | Файл: C:\domains\ishop2.loc\vendor\ishop\core\Router.php | Строка: 36
        
===============================================
[2018-03-22 00:16:11] Текст ошибки: Call to undefined method app\controllers\PageController::getView() | Файл: C:\domains\ishop2.loc\vendor\ishop\core\Router.php | Строка: 36
        
===============================================
[2018-03-22 00:17:17] Текст ошибки: Call to undefined method app\controllers\PageController::getView() | Файл: C:\domains\ishop2.loc\vendor\ishop\core\Router.php | Строка: 36
        
===============================================
[2018-03-22 00:17:17] Текст ошибки: Call to undefined method app\controllers\PageController::getView() | Файл: C:\domains\ishop2.loc\vendor\ishop\core\Router.php | Строка: 36
        
===============================================
[2018-03-22 00:22:07] Текст ошибки: Call to undefined method app\controllers\PageController::getView() | Файл: C:\domains\ishop2.loc\vendor\ishop\core\Router.php | Строка: 36
        
===============================================
[2018-03-22 00:22:16] Текст ошибки: Call to undefined method app\controllers\PageController::getView() | Файл: C:\domains\ishop2.loc\vendor\ishop\core\Router.php | Строка: 36
        
===============================================
[2018-03-22 00:32:22] Текст ошибки: Call to undefined method app\controllers\PageController::getView() | Файл: C:\domains\ishop2.loc\vendor\ishop\core\Router.php | Строка: 36
        
===============================================
[2018-03-22 00:40:17] Текст ошибки: Call to undefined function debug() | Файл: C:\domains\ishop2.loc\app\views\layouts\default.php | Строка: 21
        
===============================================
[2018-03-22 00:40:18] Текст ошибки: Call to undefined function debug() | Файл: C:\domains\ishop2.loc\app\views\layouts\default.php | Строка: 21
        
===============================================
[2018-03-22 00:40:19] Текст ошибки: Call to undefined function debug() | Файл: C:\domains\ishop2.loc\app\views\layouts\default.php | Строка: 21
        
===============================================
[2018-03-22 00:40:19] Текст ошибки: Call to undefined function debug() | Файл: C:\domains\ishop2.loc\app\views\layouts\default.php | Строка: 21
        
===============================================
